[debug] [2025-08-21T19:36:07.439Z] ----------------------------------------------------------------------
[debug] [2025-08-21T19:36:07.442Z] Command:       /usr/local/Cellar/node/24.6.0/bin/node /usr/local/bin/firebase deploy
[debug] [2025-08-21T19:36:07.443Z] CLI Version:   13.8.0
[debug] [2025-08-21T19:36:07.443Z] Platform:      darwin
[debug] [2025-08-21T19:36:07.443Z] Node Version:  v24.6.0
[debug] [2025-08-21T19:36:07.443Z] Time:          Thu Aug 21 2025 16:36:07 GMT-0300 (hora estándar de Argentina)
[debug] [2025-08-21T19:36:07.443Z] ----------------------------------------------------------------------
[debug] 
[debug] [2025-08-21T19:36:07.446Z] >>> [apiv2][query] GET https://firebase-public.firebaseio.com/cli.json [none]
[debug] [2025-08-21T19:36:07.536Z] > command requires scopes: ["email","openid","https://www.googleapis.com/auth/cloudplatformprojects.readonly","https://www.googleapis.com/auth/firebase","https://www.googleapis.com/auth/cloud-platform"]
[debug] [2025-08-21T19:36:07.536Z] > authorizing via signed-in user (federico@sorbydata.com)
[debug] [2025-08-21T19:36:07.536Z] [iam] checking project factudata-3afdf for permissions ["firebase.projects.get","firebasehosting.sites.update"]
[debug] [2025-08-21T19:36:07.536Z] > refreshing access token with scopes: []
[debug] [2025-08-21T19:36:07.537Z] >>> [apiv2][query] POST https://www.googleapis.com/oauth2/v3/token [none]
[debug] [2025-08-21T19:36:07.537Z] >>> [apiv2][body] POST https://www.googleapis.com/oauth2/v3/token [omitted]
[debug] [2025-08-21T19:36:07.665Z] <<< [apiv2][status] POST https://www.googleapis.com/oauth2/v3/token 400
[debug] [2025-08-21T19:36:07.665Z] <<< [apiv2][body] POST https://www.googleapis.com/oauth2/v3/token [omitted]
[debug] [2025-08-21T19:36:07.666Z] [iam] error while checking permissions, command may fail: FirebaseError: Authentication Error: Your credentials are no longer valid. Please run firebase login --reauth

For CI servers and headless environments, generate a new token with firebase login:ci
[debug] [2025-08-21T19:36:07.666Z] > refreshing access token with scopes: []
[debug] [2025-08-21T19:36:07.667Z] >>> [apiv2][query] POST https://www.googleapis.com/oauth2/v3/token [none]
[debug] [2025-08-21T19:36:07.667Z] >>> [apiv2][body] POST https://www.googleapis.com/oauth2/v3/token [omitted]
[debug] [2025-08-21T19:36:07.725Z] <<< [apiv2][status] POST https://www.googleapis.com/oauth2/v3/token 400
[debug] [2025-08-21T19:36:07.726Z] <<< [apiv2][body] POST https://www.googleapis.com/oauth2/v3/token [omitted]
[debug] [2025-08-21T19:36:07.726Z] Authentication Error: Your credentials are no longer valid. Please run firebase login --reauth

For CI servers and headless environments, generate a new token with firebase login:ci
[debug] [2025-08-21T19:36:07.871Z] <<< [apiv2][status] GET https://firebase-public.firebaseio.com/cli.json 200
[debug] [2025-08-21T19:36:07.872Z] <<< [apiv2][body] GET https://firebase-public.firebaseio.com/cli.json {"cloudBuildErrorAfter":1594252800000,"cloudBuildWarnAfter":1590019200000,"defaultNode10After":1594252800000,"minVersion":"3.0.5","node8DeploysDisabledAfter":1613390400000,"node8RuntimeDisabledAfter":1615809600000,"node8WarnAfter":1600128000000}
[error] 
[error] Error: Assertion failed: resolving hosting target of a site with no site name or target name. This should have caused an error earlier
