npm error code ERESOLVE
npm error ERESOLVE unable to resolve dependency tree
npm error
npm error While resolving: factudata@3.0.0
npm error Found: next@13.1.6
npm error node_modules/next
npm error   next@"13.1.6" from the root project
npm error
npm error Could not resolve dependency:
npm error peer next@"^13.2.0 || ^14.0 || ^15.0.0-rc.0 || ^16.0.0-0" from @sentry/nextjs@10.52.0
npm error node_modules/@sentry/nextjs
npm error   @sentry/nextjs@"^10" from the root project
npm error
npm error Fix the upstream dependency conflict, or retry
npm error this command with --force or --legacy-peer-deps
npm error to accept an incorrect (and potentially broken) dependency resolution.
npm error
npm error
npm error For a full report see:
npm error /Users/usuario/.npm/_logs/2026-05-10T13_52_52_581Z-eresolve-report.txt
npm error A complete log of this run can be found in: /Users/usuario/.npm/_logs/2026-05-10T13_52_52_581Z-debug-0.log
